护航成长/app/build/outputs/mapping/release/configuration.txt
# The proguard configuration file for the following section is release\processReleaseResources\aapt_rules.txt
-keep class androidx.core.app.CoreComponentFactory { <init>(); }
-keep class androidx.profileinstaller.ProfileInstallReceiver { <init>(); }
-keep class androidx.room.MultiInstanceInvalidationService { <init>(); }
-keep class androidx.startup.InitializationProvider { <init>(); }
-keep class androidx.work.impl.background.systemalarm.ConstraintProxy$BatteryChargingProxy { <init>(); }
-keep class androidx.work.impl.background.systemalarm.ConstraintProxy$BatteryNotLowProxy { <init>(); }
-keep class androidx.work.impl.background.systemalarm.ConstraintProxy$NetworkStateProxy { <init>(); }
-keep class androidx.work.impl.background.systemalarm.ConstraintProxy$StorageNotLowProxy { <init>(); }
-keep class androidx.work.impl.background.systemalarm.ConstraintProxyUpdateReceiver { <init>(); }
-keep class androidx.work.impl.background.systemalarm.RescheduleReceiver { <init>(); }
-keep class androidx.work.impl.background.systemalarm.SystemAlarmService { <init>(); }
-keep class androidx.work.impl.background.systemjob.SystemJobService { <init>(); }
-keep class androidx.work.impl.diagnostics.DiagnosticsReceiver { <init>(); }
-keep class androidx.work.impl.foreground.SystemForegroundService { <init>(); }
-keep class androidx.work.impl.utils.ForceStopRunnable$BroadcastReceiver { <init>(); }
-keep class com.padguard.child.MainActivity { <init>(); }
-keep class com.padguard.child.PadGuardApplication { <init>(); }
-keep class com.padguard.child.receiver.BootReceiver { <init>(); }
-keep class com.padguard.child.receiver.PadGuardDeviceAdminReceiver { <init>(); }
-keep class com.padguard.child.service.GuardService { <init>(); }
-keep class com.padguard.child.ui.block.AppBlockActivity { <init>(); }
-keep class com.padguard.child.ui.lock.LockScreenActivity { <init>(); }
-keep class com.padguard.child.ui.message.MessageActivity { <init>(); }

# End of content from release\processReleaseResources\aapt_rules.txt
# The proguard configuration file for the following section is default_proguard_files\global\proguard-android-optimize.txt-8.7.3
# This is a configuration file for ProGuard.
# http://proguard.sourceforge.net/index.html#manual/usage.html
#
# Starting with version 2.2 of the Android plugin for Gradle, this file is distributed together with
# the plugin and unpacked at build-time. The files in $ANDROID_HOME are no longer maintained and
# will be ignored by new version of the Android plugin for Gradle.

# Optimizations: If you don't want to optimize, use the proguard-android.txt configuration file
# instead of this one, which turns off the optimization flags.
-allowaccessmodification

# Preserve some attributes that may be required for reflection.
-keepattributes AnnotationDefault,
                EnclosingMethod,
                InnerClasses,
                RuntimeVisibleAnnotations,
                RuntimeVisibleParameterAnnotations,
                RuntimeVisibleTypeAnnotations,
                Signature

-keep public class com.google.vending.licensing.ILicensingService
-keep public class com.android.vending.licensing.ILicensingService
-keep public class com.google.android.vending.licensing.ILicensingService
-dontnote com.android.vending.licensing.ILicensingService
-dontnote com.google.vending.licensing.ILicensingService
-dontnote com.google.android.vending.licensing.ILicensingService

# For native methods, see https://www.guardsquare.com/manual/configuration/examples#native
-keepclasseswithmembernames,includedescriptorclasses class * {
    native <methods>;
}

# Keep setters in Views so that animations can still work.
-keepclassmembers public class * extends android.view.View {
    void set*(***);
    *** get*();
}

# We want to keep methods in Activity that could be used in the XML attribute onClick.
-keepclassmembers class * extends android.app.Activity {
    public void *(android.view.View);
}

# For enumeration classes, see https://www.guardsquare.com/manual/configuration/examples#enumerations
-keepclassmembers enum * {
    public static **[] values();
    public static ** valueOf(java.lang.String);
}

-keepclassmembers class * implements android.os.Parcelable {
    public static final ** CREATOR;
}

# Preserve annotated Javascript interface methods.
-keepclassmembers class * {
    @android.webkit.JavascriptInterface <methods>;
}

# The support libraries contains references to newer platform versions.
# Don't warn about those in case this app is linking against an older
# platform version. We know about them, and they are safe.
-dontnote android.support.**
-dontnote androidx.**
-dontwarn android.support.**
-dontwarn androidx.**

# Understand the @Keep support annotation.
-keep class android.support.annotation.Keep

-keep @android.support.annotation.Keep class * {*;}

-keepclasseswithmembers class * {
    @android.support.annotation.Keep <methods>;
}

-keepclasseswithmembers class * {
    @android.support.annotation.Keep <fields>;
}

-keepclasseswithmembers class * {
    @android.support.annotation.Keep <init>(...);
}

# These classes are duplicated between android.jar and org.apache.http.legacy.jar.
-dontnote org.apache.http.**
-dontnote android.net.http.**

# These classes are duplicated between android.jar and core-lambda-stubs.jar.
-dontnote java.lang.invoke.**

# End of content from default_proguard_files\global\proguard-android-optimize.txt-8.7.3
# The proguard configuration file for the following section is 护航成长\app\proguard-rules.pro
# ====== 设备管控核心 ======
# DeviceAdminReceiver 由系统反射实例化
-keep class * extends android.app.admin.DeviceAdminReceiver { <init>(); }
# DevicePolicyManager 相关反射
-keep class com.padguard.core.engine.device.** { *; }
# 策略模型参与序列化，构造器与字段必须保留
-keep class com.padguard.core.engine.policy.model.** { *; }
-keep class com.padguard.core.data.model.** { *; }
# Room
-keep class com.padguard.core.data.db.** { *; }
-keepclassmembers class * extends androidx.room.RoomDatabase { *; }

# ====== MQTT (Eclipse Paho) ======
-keep class org.eclipse.paho.client.mqttv3.** { *; }
-dontwarn org.eclipse.paho.client.mqttv3.internal.**
-dontwarn javax.naming.**
-dontwarn org.apache.harmony.javax.naming.**
# Paho 使用反射实例化网络模块
-keepnames class org.eclipse.paho.client.mqttv3.internal.NetworkModuleService

# ====== kotlinx.serialization ======
-keepclassmembers class com.padguard.** {
    *** Companion;
    *** INSTANCE;
}
-keepclasseswithmembers class com.padguard.**$$serializer {
    <init>(...);
}

# ====== 无障碍服务（降级管控模式）======
-keep class * extends android.accessibilityservice.AccessibilityService { <init>(); }

# 移除日志（release 构建不打日志，减少信息泄露面）
-assumenosideeffects class android.util.Log {
    public static *** d(...);
    public static *** v(...);
}

# End of content from 护航成长\app\proguard-rules.pro
# The proguard configuration file for the following section is exportReleaseConsumerProguardFiles\lib0\proguard.txt
# DevicePolicyManager 反射调用与策略模型需要保留
-keep class com.padguard.core.engine.policy.** { *; }
-keep class com.padguard.core.engine.device.** { *; }
# DeviceAdminReceiver 由系统反射实例化，必须保留无参构造
-keep class * extends android.app.admin.DeviceAdminReceiver { <init>(); }

# End of content from exportReleaseConsumerProguardFiles\lib0\proguard.txt
# The proguard configuration file for the following section is exportReleaseConsumerProguardFiles\lib0\proguard.txt
# Paho MQTT 在 R8 下需要保留反射入口与序列化类
-keep class org.eclipse.paho.client.mqttv3.** { *; }
-dontwarn org.eclipse.paho.client.mqttv3.**
-dontwarn javax.naming.**
-keep class com.padguard.core.transport.dto.** { *; }

# End of content from exportReleaseConsumerProguardFiles\lib0\proguard.txt
# The proguard configuration file for the following section is exportReleaseConsumerProguardFiles\lib0\proguard.txt
# Room 数据库实体与 DAO 不能被混淆
-keep class com.padguard.core.data.db.** { *; }
-keepclassmembers class com.padguard.core.data.db.** { *; }
# 策略模型参与序列化，保留构造器
-keep class com.padguard.core.data.model.** { *; }

# End of content from exportReleaseConsumerProguardFiles\lib0\proguard.txt
# The proguard configuration file for the following section is exportReleaseConsumerProguardFiles\lib0\proguard.txt
# 保留序列化模型类名，避免 R8 混淆后反序列化失败
-keepclassmembers class com.padguard.core.common.** {
    *** Companion;
}
-keepclasseswithmembers class com.padguard.core.common.** {
    <init>(...);
}

# End of content from exportReleaseConsumerProguardFiles\lib0\proguard.txt
# The proguard configuration file for the following section is transformed\navigation-common-2.8.5\proguard.txt
# Copyright (C) 2019 The Android Open Source Project
#
# Licensed under the Apache License, Version 2.0 (the "License");
# you may not use this file except in compliance with the License.
# You may obtain a copy of the License at
#
#      http://www.apache.org/licenses/LICENSE-2.0
#
# Unless required by applicable law or agreed to in writing, software
# distributed under the License is distributed on an "AS IS" BASIS,
# WITHOUT WARRANTIES OR CONDITIONS OF ANY KIND, either express or implied.
# See the License for the specific language governing permissions and
# limitations under the License.

# NavArgsLazy creates NavArgs instances using reflection
-if public class ** implements androidx.navigation.NavArgs
-keepclassmembers public class <1> {
    ** fromBundle(android.os.Bundle);
}

# Retain the @Navigator.Name annotation on each subclass of Navigator.
# R8 full mode only retains annotations on items matched by a -keep rule,
# hence the extra -keep rule for the subclasses of Navigator.
#
# A -keep rule for the Navigator.Name annotation class is not required
# since the annotation is referenced from the code.
-keepattributes RuntimeVisibleAnnotations
-keep,allowobfuscation,allowshrinking class * extends androidx.navigation.Navigator

# End of content from transformed\navigation-common-2.8.5\proguard.txt
# The proguard configuration file for the following section is transformed\hilt-android-2.52\proguard.txt
# Keep for the reflective cast done in EntryPoints.
# See b/183070411#comment4 for more info.
-keep,allowobfuscation,allowshrinking @dagger.hilt.EntryPoint class *# Keep for the reflective cast done in EntryPoints.
# See b/183070411#comment4 for more info.
-keep,allowobfuscation,allowshrinking @dagger.hilt.android.EarlyEntryPoint class *# Keep for the reflective cast done in EntryPoints.
# See b/183070411#comment4 for more info.
-keep,allowobfuscation,allowshrinking @dagger.hilt.internal.ComponentEntryPoint class *
-keep,allowobfuscation,allowshrinking @dagger.hilt.internal.GeneratedEntryPoint class *
# End of content from transformed\hilt-android-2.52\proguard.txt
# The proguard configuration file for the following section is transformed\fragment-1.5.1\proguard.txt
# Copyright (C) 2020 The Android Open Source Project
#
# Licensed under the Apache License, Version 2.0 (the "License");
# you may not use this file except in compliance with the License.
# You may obtain a copy of the License at
#
#      http://www.apache.org/licenses/LICENSE-2.0
#
# Unless required by applicable law or agreed to in writing, software
# distributed under the License is distributed on an "AS IS" BASIS,
# WITHOUT WARRANTIES OR CONDITIONS OF ANY KIND, either express or implied.
# See the License for the specific language governing permissions and
# limitations under the License.

# The default FragmentFactory creates Fragment instances using reflection
-if public class ** extends androidx.fragment.app.Fragment
-keepclasseswithmembers,allowobfuscation public class <1> {
    public <init>();
}

# End of content from transformed\fragment-1.5.1\proguard.txt
# The proguard configuration file for the following section is transformed\work-runtime-2.10.0\proguard.txt
# Keep ListenableWorker / Worker if not removed during shrinking
-keepnames class * extends androidx.work.ListenableWorker
# Keep all constructors on ListenableWorker, Worker if class is kept
-keepclassmembers public class * extends androidx.work.ListenableWorker {
    public <init>(...);
}

# We need to keep WorkerParameters for the ListenableWorker constructor that is used by the
# default instantiation strategy in WorkerFactory.
-keep class androidx.work.WorkerParameters

# Keep InputMerger if not removed during shrinking
-keepnames class * extends androidx.work.InputMerger
# Keep constructor on InputMerger if class is kept
-keepclassmembers class * extends androidx.work.InputMerger { void <init>(); }

# End of content from transformed\work-runtime-2.10.0\proguard.txt
# The proguard configuration file for the following section is transformed\graphics-path-1.0.1\proguard.txt
-keepclasseswithmembers class androidx.graphics.path.** {
    native <methods>;
}

# End of content from transformed\graphics-path-1.0.1\proguard.txt
# The proguard configuration file for the following section is transformed\core-1.15.0\proguard.txt
# Never inline methods, but allow shrinking and obfuscation.
-keepclassmembernames,allowobfuscation,allowshrinking class androidx.core.view.ViewCompat$Api* {
  <methods>;
}
-keepclassmembernames,allowobfuscation,allowshrinking class androidx.core.view.WindowInsetsCompat$*Impl* {
  <methods>;
}
-keepclassmembernames,allowobfuscation,allowshrinking class androidx.core.app.NotificationCompat$*$Api*Impl {
  <methods>;
}
-keepclassmembernames,allowobfuscation,allowshrinking class androidx.core.os.UserHandleCompat$Api*Impl {
  <methods>;
}
-keepclassmembernames,allowobfuscation,allowshrinking class androidx.core.widget.EdgeEffectCompat$Api*Impl {
  <methods>;
}

# End of content from transformed\core-1.15.0\proguard.txt
# The proguard configuration file for the following section is transformed\lifecycle-runtime-release\proguard.txt
-keepattributes AnnotationDefault,
                RuntimeVisibleAnnotations,
                RuntimeVisibleParameterAnnotations,
                RuntimeVisibleTypeAnnotations

-keepclassmembers enum androidx.lifecycle.Lifecycle$Event {
    <fields>;
}

-keep class * implements androidx.lifecycle.GeneratedAdapter {
    <init>(...);
}

-keepclassmembers class ** {
    @androidx.lifecycle.OnLifecycleEvent *;
}

# The deprecated `android.app.Fragment` creates `Fragment` instances using reflection.
# See: b/338958225, b/341537875
-keepclasseswithmembers,allowobfuscation public class androidx.lifecycle.ReportFragment {
    public <init>();
}

# this rule is need to work properly when app is compiled with api 28, see b/142778206
# Also this rule prevents registerIn from being inlined.
-keepclassmembers class androidx.lifecycle.ReportFragment$LifecycleCallbacks { *; }

# End of content from transformed\lifecycle-runtime-release\proguard.txt
# The proguard configuration file for the following section is transformed\lifecycle-viewmodel-release\proguard.txt
-keepclassmembers,allowobfuscation class * extends androidx.lifecycle.ViewModel {
    <init>();
}

-keepclassmembers,allowobfuscation class * extends androidx.lifecycle.AndroidViewModel {
    <init>(android.app.Application);
}

# End of content from transformed\lifecycle-viewmodel-release\proguard.txt
# The proguard configuration file for the following section is transformed\savedstate-1.2.1\proguard.txt
# Copyright (C) 2019 The Android Open Source Project
#
# Licensed under the Apache License, Version 2.0 (the "License");
# you may not use this file except in compliance with the License.
# You may obtain a copy of the License at
#
#      http://www.apache.org/licenses/LICENSE-2.0
#
# Unless required by applicable law or agreed to in writing, software
# distributed under the License is distributed on an "AS IS" BASIS,
# WITHOUT WARRANTIES OR CONDITIONS OF ANY KIND, either express or implied.
# See the License for the specific language governing permissions and
# limitations under the License.

-keepclassmembers,allowobfuscation class * implements androidx.savedstate.SavedStateRegistry$AutoRecreated {
    <init>();
}

# End of content from transformed\savedstate-1.2.1\proguard.txt
# The proguard configuration file for the following section is transformed\lifecycle-viewmodel-savedstate-2.8.7\proguard.txt
-keepclassmembers,allowobfuscation class * extends androidx.lifecycle.ViewModel {
    <init>(androidx.lifecycle.SavedStateHandle);
}

-keepclassmembers,allowobfuscation class * extends androidx.lifecycle.AndroidViewModel {
    <init>(android.app.Application,androidx.lifecycle.SavedStateHandle);
}

# End of content from transformed\lifecycle-viewmodel-savedstate-2.8.7\proguard.txt
# The proguard configuration file for the following section is transformed\lifecycle-runtime-compose-release\proguard.txt
# Workaround for https://issuetracker.google.com/issues/346808608
#
# `androidx.lifecycle.compose.LocalLifecycleOwner` will reflectively lookup for
# `androidx.compose.ui.platform.LocalLifecycleOwner` to ensure backward compatibility
# when using Lifecycle 2.8+ with Compose 1.6.
#
# We need to keep the getter if the code using this is included.
#
# We need to suppress `ShrinkerUnresolvedReference` because the `LocalComposition` is in a
# different module.
#
#noinspection ShrinkerUnresolvedReference
-if public class androidx.compose.ui.platform.AndroidCompositionLocals_androidKt {
    public static *** getLocalLifecycleOwner();
}
-keep public class androidx.compose.ui.platform.AndroidCompositionLocals_androidKt {
    public static *** getLocalLifecycleOwner();
}

# End of content from transformed\lifecycle-runtime-compose-release\proguard.txt
# The proguard configuration file for the following section is transformed\lifecycle-process-2.8.7\proguard.txt
# this rule is need to work properly when app is compiled with api 28, see b/142778206
-keepclassmembers class * extends androidx.lifecycle.EmptyActivityLifecycleCallbacks { *; }
# End of content from transformed\lifecycle-process-2.8.7\proguard.txt
# The proguard configuration file for the following section is transformed\ui-release\proguard.txt
# Copyright (C) 2020 The Android Open Source Project
#
# Licensed under the Apache License, Version 2.0 (the "License");
# you may not use this file except in compliance with the License.
# You may obtain a copy of the License at
#
#      http://www.apache.org/licenses/LICENSE-2.0
#
# Unless required by applicable law or agreed to in writing, software
# distributed under the License is distributed on an "AS IS" BASIS,
# WITHOUT WARRANTIES OR CONDITIONS OF ANY KIND, either express or implied.
# See the License for the specific language governing permissions and
# limitations under the License.

# We supply these as stubs and are able to link to them at runtime
# because they are hidden public classes in Android. We don't want
# R8 to complain about them not being there during optimization.
-dontwarn android.view.RenderNode
-dontwarn android.view.DisplayListCanvas
-dontwarn android.view.HardwareCanvas

-keepclassmembers class androidx.compose.ui.platform.ViewLayerContainer {
    protected void dispatchGetDisplayList();
}

-keepclassmembers class androidx.compose.ui.platform.AndroidComposeView {
    android.view.View findViewByAccessibilityIdTraversal(int);
}

# Users can create Modifier.Node instances that implement multiple Modifier.Node interfaces,
# so we cannot tell whether two modifier.node instances are of the same type without using
# reflection to determine the class type. See b/265188224 for more context.
-keep,allowshrinking class * extends androidx.compose.ui.node.ModifierNodeElement

# End of content from transformed\ui-release\proguard.txt
# The proguard configuration file for the following section is transformed\room-runtime-2.6.1\proguard.txt
-keep class * extends androidx.room.RoomDatabase
-dontwarn androidx.room.paging.**
-dontwarn androidx.lifecycle.LiveData

# End of content from transformed\room-runtime-2.6.1\proguard.txt
# The proguard configuration file for the following section is META-INF\proguard\androidx.datastore_datastore-preferences-core.pro