护航成长/app/build/outputs/mapping/release/seeds.txt
com.padguard.child.receiver.Hilt_PadGuardDeviceAdminReceiver
com.padguard.child.receiver.BootReceiver
com.padguard.child.MainActivity
com.padguard.child.service.GuardService_GeneratedInjector
com.padguard.child.PadGuardApplication_GeneratedInjector
com.padguard.child.ui.message.MessageActivity
com.padguard.child.ui.block.AppBlockActivity
com.padguard.child.PadGuardApplication
com.padguard.child.MainActivity_GeneratedInjector
com.padguard.child.receiver.PadGuardDeviceAdminReceiver
com.padguard.child.receiver.PadGuardDeviceAdminReceiver_GeneratedInjector
com.padguard.child.service.GuardService
com.padguard.child.ui.lock.LockScreenActivity
com.padguard.child.monitor.ForegroundAppMonitor: com.padguard.child.monitor.ForegroundAppMonitor$Companion Companion
com.padguard.child.ui.block.AppBlockActivity: com.padguard.child.ui.block.AppBlockActivity$Companion Companion
com.padguard.child.receiver.BootReceiver: com.padguard.child.receiver.BootReceiver$Companion Companion
com.padguard.child.ui.lock.LockScreenActivity: com.padguard.child.ui.lock.LockScreenActivity$Companion Companion
com.padguard.child.ui.message.MessageActivity: com.padguard.child.ui.message.MessageActivity$Companion Companion
com.padguard.child.ui.message.ComposableSingletons$MessageActivityKt: com.padguard.child.ui.message.ComposableSingletons$MessageActivityKt INSTANCE
com.padguard.child.ui.message.ComposableSingletons$MessageActivityKt$lambda-2$1: com.padguard.child.ui.message.ComposableSingletons$MessageActivityKt$lambda-2$1 INSTANCE
com.padguard.child.di.AppModule: com.padguard.child.di.AppModule INSTANCE
com.padguard.child.ComposableSingletons$MainActivityKt: com.padguard.child.ComposableSingletons$MainActivityKt INSTANCE
com.padguard.child.ui.block.ComposableSingletons$AppBlockActivityKt$lambda-1$1: com.padguard.child.ui.block.ComposableSingletons$AppBlockActivityKt$lambda-1$1 INSTANCE
com.padguard.child.ComposableSingletons$MainActivityKt$lambda-2$1: com.padguard.child.ComposableSingletons$MainActivityKt$lambda-2$1 INSTANCE
com.padguard.child.receiver.PadGuardDeviceAdminReceiver: com.padguard.child.receiver.PadGuardDeviceAdminReceiver$Companion Companion
com.padguard.child.monitor.DeviceSnapshotCollector: com.padguard.child.monitor.DeviceSnapshotCollector$Companion Companion
com.padguard.child.ui.block.ComposableSingletons$AppBlockActivityKt: com.padguard.child.ui.block.ComposableSingletons$AppBlockActivityKt INSTANCE
com.padguard.child.service.GuardService: com.padguard.child.service.GuardService$Companion Companion
com.padguard.child.service.GuardService$startTransport$2$2: com.padguard.child.service.GuardService$startTransport$2$2 INSTANCE
com.padguard.child.ComposableSingletons$MainActivityKt$lambda-1$1: com.padguard.child.ComposableSingletons$MainActivityKt$lambda-1$1 INSTANCE
com.padguard.child.ui.message.ComposableSingletons$MessageActivityKt$lambda-1$1: com.padguard.child.ui.message.ComposableSingletons$MessageActivityKt$lambda-1$1 INSTANCE
com.padguard.child.MainActivity: MainActivity()
com.padguard.child.receiver.BootReceiver: BootReceiver()
com.padguard.child.ui.lock.LockScreenActivity: LockScreenActivity()
com.padguard.child.PadGuardApplication: PadGuardApplication()
com.padguard.child.ui.block.AppBlockActivity: AppBlockActivity()
com.padguard.child.ui.message.MessageActivity: MessageActivity()
com.padguard.child.service.GuardService: GuardService()
com.padguard.child.receiver.Hilt_PadGuardDeviceAdminReceiver: Hilt_PadGuardDeviceAdminReceiver()
com.padguard.child.receiver.PadGuardDeviceAdminReceiver: PadGuardDeviceAdminReceiver()
...
androidx.room.RoomDatabase: java.util.concurrent.locks.Lock getCloseLock$room_runtime_release()
org.eclipse.paho.client.mqttv3.spi.NetworkModuleFactory: java.util.Set getSupportedUriSchemes()
com.padguard.core.data.model.BatteryInfo$$serializer: kotlinx.serialization.KSerializer[] childSerializers()
org.eclipse.paho.client.mqttv3.MqttAsyncClient: org.eclipse.paho.client.mqttv3.IMqttToken subscribe(java.lang.String[],int[],org.eclipse.paho.client.mqttv3.IMqttMessageListener[])
org.eclipse.paho.client.mqttv3.TimerPingSender: java.lang.String access$1()
org.eclipse.paho.client.mqttv3.logging.JSR47Logger: void finer(java.lang.String,java.lang.String,java.lang.String)
com.padguard.core.data.model.policy.WebPolicy: void getKeywords$annotations()
androidx.compose.ui.text.android.CanvasCompatQ: void drawColor(android.graphics.Canvas,long,android.graphics.BlendMode)
com.padguard.core.data.model.RiskEvent: java.lang.String component2()
com.padguard.core.data.db.BehaviorLogDao_Impl$4: BehaviorLogDao_Impl$4(com.padguard.core.data.db.BehaviorLogDao_Impl,com.padguard.core.data.db.BehaviorLogEntity)
androidx.compose.ui.autofill.AutofillApi26Helper: boolean isDate(android.view.autofill.AutofillValue)
androidx.compose.ui.platform.AndroidComposeView: androidx.compose.ui.platform.AndroidComposeView$ViewTreeOwners getViewTreeOwners()
com.padguard.core.data.db.CommandRecordEntity: java.lang.Long getExecutedAt()
org.eclipse.paho.client.mqttv3.internal.websocket.WebSocketFrame: void setFinAndOpCode(byte)
org.eclipse.paho.client.mqttv3.MqttAsyncClient: org.eclipse.paho.client.mqttv3.IMqttToken connect(org.eclipse.paho.client.mqttv3.MqttConnectOptions,java.lang.Object,org.eclipse.paho.client.mqttv3.IMqttActionListener)
org.eclipse.paho.client.mqttv3.logging.Logger: void config(java.lang.String,java.lang.String,java.lang.String,java.lang.Object[])
com.padguard.core.data.model.policy.PeripheralPolicy: com.padguard.core.data.model.policy.PolicySwitch component4()
org.eclipse.paho.client.mqttv3.MqttClient: void connect(org.eclipse.paho.client.mqttv3.MqttConnectOptions)
com.padguard.core.data.db.PolicyDao_Impl$4: java.lang.Object call()
androidx.lifecycle.ReportFragment$LifecycleCallbacks: void onActivitySaveInstanceState(android.app.Activity,android.os.Bundle)
com.padguard.core.data.model.LocationInfo$$serializer: LocationInfo$$serializer()
org.eclipse.paho.client.mqttv3.MqttConnectOptions: java.util.Properties getDebug()
com.padguard.core.data.model.policy.KeywordLevel: kotlinx.serialization.KSerializer _init_$_anonymous_()
com.padguard.core.data.model.policy.AppLimitPolicy$$serializer: com.padguard.core.data.model.policy.AppLimitPolicy deserialize(kotlinx.serialization.encoding.Decoder)
com.padguard.core.data.model.CommandRecord: int component6()
com.padguard.core.data.model.policy.KeywordPolicy: java.util.List getCustom()
org.eclipse.paho.client.mqttv3.MqttClient: void disconnectForcibly(long,long)
org.eclipse.paho.client.mqttv3.MqttClient: long getTimeToWait()
com.padguard.core.data.model.RiskType: RiskType(java.lang.String,int)
androidx.lifecycle.Lifecycle$State: androidx.lifecycle.Lifecycle$State[] values()
androidx.compose.runtime.InvalidationResult: androidx.compose.runtime.InvalidationResult valueOf(java.lang.String)
org.eclipse.paho.client.mqttv3.DisconnectedBufferOptions: void setBufferEnabled(boolean)
com.padguard.core.data.db.PadGuardDatabase_Impl: com.padguard.core.data.db.AppUsageDao appUsageDao()
org.eclipse.paho.client.mqttv3.MqttAsyncClient$MqttReconnectCallback: void connectComplete(boolean,java.lang.String)
androidx.compose.ui.platform.AndroidComposeView: void setLayoutDirection(androidx.compose.ui.unit.LayoutDirection)
com.padguard.core.data.model.ScreenInfo: void getOn$annotations()
org.eclipse.paho.client.mqttv3.MqttConnectOptions: void setExecutorServiceTimeout(int)
com.padguard.core.data.db.RiskEventDao_Impl$2: java.lang.String createQuery()