护航成长/app/build/outputs/mapping/release/usage.txt
com.padguard.child.BuildConfig
com.padguard.child.DaggerPadGuardApplication_HiltComponents_SingletonC$ActivityCImpl:
    public dagger.hilt.android.internal.builders.FragmentComponentBuilder fragmentComponentBuilder()
    public dagger.hilt.android.internal.lifecycle.DefaultViewModelFactories$InternalFactoryFactory getHiltInternalFactoryFactory()
    public dagger.hilt.android.internal.builders.ViewModelComponentBuilder getViewModelComponentBuilder()
    public java.util.Map getViewModelKeys()
    public dagger.hilt.android.internal.builders.ViewComponentBuilder viewComponentBuilder()
com.padguard.child.DaggerPadGuardApplication_HiltComponents_SingletonC$FragmentCBuilder
com.padguard.child.DaggerPadGuardApplication_HiltComponents_SingletonC$FragmentCImpl
com.padguard.child.DaggerPadGuardApplication_HiltComponents_SingletonC$SingletonCImpl:
    public java.util.Set getDisableFragmentGetContextFix()
com.padguard.child.DaggerPadGuardApplication_HiltComponents_SingletonC$ViewCBuilder
com.padguard.child.DaggerPadGuardApplication_HiltComponents_SingletonC$ViewCImpl
com.padguard.child.DaggerPadGuardApplication_HiltComponents_SingletonC$ViewModelCBuilder
com.padguard.child.DaggerPadGuardApplication_HiltComponents_SingletonC$ViewModelCImpl
com.padguard.child.DaggerPadGuardApplication_HiltComponents_SingletonC$ViewWithFragmentCBuilder
com.padguard.child.DaggerPadGuardApplication_HiltComponents_SingletonC$ViewWithFragmentCImpl
com.padguard.child.DaggerPadGuardApplication_HiltComponents_SingletonC:
    private void <init>()
com.padguard.child.Hilt_MainActivity:
    void <init>(int)
    public synthetic bridge dagger.hilt.internal.GeneratedComponentManager componentManager()
    public androidx.lifecycle.ViewModelProvider$Factory getDefaultViewModelProviderFactory()
com.padguard.child.Hilt_PadGuardApplication:
    public synthetic bridge dagger.hilt.internal.GeneratedComponentManager componentManager()
com.padguard.child.MainActivity:
    public static final int $stable
com.padguard.child.PadGuardApplication:
    public static final int $stable
com.padguard.child.PadGuardApplication_ComponentTreeDeps
com.padguard.child.PadGuardApplication_HiltComponents$ActivityC$Builder
com.padguard.child.PadGuardApplication_HiltComponents$ActivityCBuilderModule
com.padguard.child.PadGuardApplication_HiltComponents$ActivityRetainedC$Builder
com.padguard.child.PadGuardApplication_HiltComponents$ActivityRetainedCBuilderModule
com.padguard.child.PadGuardApplication_HiltComponents$FragmentC$Builder
com.padguard.child.PadGuardApplication_HiltComponents$FragmentC
com.padguard.child.PadGuardApplication_HiltComponents$FragmentCBuilderModule
com.padguard.child.PadGuardApplication_HiltComponents$ServiceC$Builder
com.padguard.child.PadGuardApplication_HiltComponents$ServiceCBuilderModule
com.padguard.child.PadGuardApplication_HiltComponents$ViewC$Builder
com.padguard.child.PadGuardApplication_HiltComponents$ViewC
com.padguard.child.PadGuardApplication_HiltComponents$ViewCBuilderModule
com.padguard.child.PadGuardApplication_HiltComponents$ViewModelC$Builder
com.padguard.child.PadGuardApplication_HiltComponents$ViewModelC
com.padguard.child.PadGuardApplication_HiltComponents$ViewModelCBuilderModule
com.padguard.child.PadGuardApplication_HiltComponents$ViewWithFragmentC$Builder
com.padguard.child.PadGuardApplication_HiltComponents$ViewWithFragmentC
com.padguard.child.PadGuardApplication_HiltComponents$ViewWithFragmentCBuilderModule
com.padguard.child.PadGuardApplication_HiltComponents
com.padguard.child.R$drawable:
    private void <init>()
com.padguard.child.R$string:
    public static int app_name
    private void <init>()
com.padguard.child.R$style
com.padguard.child.R$xml
com.padguard.child.R
com.padguard.child.di.AppModule:
    public static final int $stable
com.padguard.child.di.AppModule_ProvideApplicationScopeFactory$InstanceHolder
...
androidx.compose.material.icons.twotone.ReadMoreKt
androidx.compose.material.icons.twotone.RealEstateAgentKt
androidx.compose.material.icons.twotone.ReceiptKt
androidx.compose.material.icons.twotone.ReceiptLongKt
androidx.compose.material.icons.twotone.RecentActorsKt
androidx.compose.material.icons.twotone.RecommendKt
androidx.compose.material.icons.twotone.RecordVoiceOverKt
androidx.compose.material.icons.twotone.RectangleKt
androidx.compose.material.icons.twotone.RecyclingKt
androidx.compose.material.icons.twotone.RedeemKt
androidx.compose.material.icons.twotone.RedoKt
androidx.compose.material.icons.twotone.ReduceCapacityKt
androidx.compose.material.icons.twotone.RefreshKt
androidx.compose.material.icons.twotone.RememberMeKt
androidx.compose.material.icons.twotone.RemoveCircleKt
androidx.compose.material.icons.twotone.RemoveCircleOutlineKt
androidx.compose.material.icons.twotone.RemoveDoneKt
androidx.compose.material.icons.twotone.RemoveFromQueueKt
androidx.compose.material.icons.twotone.RemoveKt
androidx.compose.material.icons.twotone.RemoveModeratorKt
androidx.compose.material.icons.twotone.RemoveRedEyeKt
androidx.compose.material.icons.twotone.RemoveRoadKt
androidx.compose.material.icons.twotone.RemoveShoppingCartKt
androidx.compose.material.icons.twotone.ReorderKt
androidx.compose.material.icons.twotone.RepartitionKt
androidx.compose.material.icons.twotone.RepeatKt
androidx.compose.material.icons.twotone.RepeatOnKt
androidx.compose.material.icons.twotone.RepeatOneKt
androidx.compose.material.icons.twotone.RepeatOneOnKt
androidx.compose.material.icons.twotone.Replay10Kt
androidx.compose.material.icons.twotone.Replay30Kt
androidx.compose.material.icons.twotone.Replay5Kt
androidx.compose.material.icons.twotone.ReplayCircleFilledKt
androidx.compose.material.icons.twotone.ReplayKt
androidx.compose.material.icons.twotone.ReplyAllKt
androidx.compose.material.icons.twotone.ReplyKt
androidx.compose.material.icons.twotone.ReportGmailerrorredKt
androidx.compose.material.icons.twotone.ReportKt
androidx.compose.material.icons.twotone.ReportOffKt
androidx.compose.material.icons.twotone.ReportProblemKt
androidx.compose.material.icons.twotone.RequestPageKt
androidx.compose.material.icons.twotone.RequestQuoteKt
androidx.compose.material.icons.twotone.ResetTvKt
androidx.compose.material.icons.twotone.RestartAltKt
androidx.compose.material.icons.twotone.RestaurantKt
androidx.compose.material.icons.twotone.RestaurantMenuKt
androidx.compose.material.icons.twotone.RestoreFromTrashKt
androidx.compose.material.icons.twotone.RestoreKt
androidx.compose.material.icons.twotone.RestorePageKt
androidx.compose.material.icons.twotone.ReviewsKt
androidx.compose.material.icons.twotone.RiceBowlKt
androidx.compose.material.icons.twotone.RingVolumeKt
androidx.compose.material.icons.twotone.RocketKt
androidx.compose.material.icons.twotone.RocketLaunchKt
androidx.compose.material.icons.twotone.RollerShadesClosedKt
androidx.compose.material.icons.twotone.RollerShadesKt
androidx.compose.material.icons.twotone.RollerSkatingKt
androidx.compose.material.icons.twotone.RoofingKt
androidx.compose.material.icons.twotone.RoomKt
androidx.compose.material.icons.twotone.RoomPreferencesKt
androidx.compose.material.icons.twotone.RoomServiceKt
androidx.compose.material.icons.twotone.Rotate90DegreesCcwKt
androidx.compose.material.icons.twotone.Rotate90DegreesCwKt
androidx.compose.material.icons.twotone.RotateLeftKt
androidx.compose.material.icons.twotone.RotateRightKt
androidx.compose.material.icons.twotone.RoundaboutLeftKt
androidx.compose.material.icons.twotone.RoundaboutRightKt
androidx.compose.material.icons.twotone.RoundedCornerKt
androidx.compose.material.icons.twotone.RouteKt
androidx.compose.material.icons.twotone.RouterKt
androidx.compose.material.icons.twotone.RowingKt
androidx.compose.material.icons.twotone.RssFeedKt
androidx.compose.material.icons.twotone.RsvpKt
androidx.compose.material.icons.twotone.RttKt
androidx.compose.material.icons.twotone.RuleFolderKt